<?xml version="1.0" encoding="UTF-8"?>
<testsuite xmlns:xsi="http://www.w3.org/2001/XMLSchema-instance" xsi:schemaLocation="https://maven.apache.org/surefire/maven-surefire-plugin/xsd/surefire-test-report.xsd" name="com.testing.maven.vip05JunitMaven.PlusTest" time="0.006" tests="6" errors="0" skipped="0" failures="2">
  <properties>
[...]
</properties>
  <testcase name="test[左边界-1]" classname="com.testing.maven.vip05JunitMaven.PlusTest" time="0.002">
    <failure message="expected:&lt;[-2147483649]&gt; but was:&lt;[2147483647]&gt;" type="org.junit.ComparisonFailure"><![CDATA[org.junit.ComparisonFailure: expected:<[-2147483649]> but was:<[2147483647]>
	at com.testing.maven.vip05JunitMaven.PlusTest.test(PlusTest.java:45)
]]></failure>
    <system-out><![CDATA[---------------------PlusTest-----------------
2147483647
]]></system-out>
  </testcase>
  <testcase name="doubleTest[左边界-1]" classname="com.testing.maven.vip05JunitMaven.PlusTest" time="0"/>
  <testcase name="test[左边界+0]" classname="com.testing.maven.vip05JunitMaven.PlusTest" time="0.001"/>
  <testcase name="doubleTest[左边界+0]" classname="com.testing.maven.vip05JunitMaven.PlusTest" time="0.001">
    <failure message="测试结果 expected:&lt;5.[0]&gt; but was:&lt;5.[1]&gt;" type="org.junit.ComparisonFailure"><![CDATA[org.junit.ComparisonFailure: 测试结果 expected:<5.[0]> but was:<5.[1]>
	at com.testing.maven.vip05JunitMaven.PlusTest.doubleTest(PlusTest.java:52)
]]></failure>
    <system-out><![CDATA[5.1
]]></system-out>
  </testcase>
  <testcase name="test[左边界+1]" classname="com.testing.maven.vip05JunitMaven.PlusTest" time="0.001"/>
  <testcase name="doubleTest[左边界+1]" classname="com.testing.maven.vip05JunitMaven.PlusTest" time="0"/>
</testsuite>